<?xml version="1.0" encoding="UTF-8"?>
<!-- Generated by org.testng.reporters.JUnitReportReporter -->
<testsuite skipped="0" hostname="DESKTOP-H1I3MSV" name="com.cleartrip.flightTestRunner.FlightSearchTest" tests="1" failures="0" timestamp="21 Sep 2020 11:34:31 GMT" time="19.429" errors="0">
  <testcase name="flightSearchForm" time="19.429" classname="com.cleartrip.flightTestRunner.FlightSearchTest"/>
</testsuite> <!-- com.cleartrip.flightTestRunner.FlightSearchTest -->
