<?xml version="1.0" encoding="UTF-8"?>
<!-- Generated by org.testng.reporters.JUnitReportReporter -->
<testsuite skipped="0" hostname="DESKTOP-H1I3MSV" name="com.easemytrip.pomrunner.HotelSearchingRunner1" tests="2" failures="0" timestamp="24 Sep 2020 12:56:31 GMT" time="42.861" errors="0">
  <testcase name="SearchHotelsSameCC" time="35.864" classname="com.easemytrip.pomrunner.HotelSearchingRunner1"/>
  <testcase name="SearchHotelEmpCity" time="6.997" classname="com.easemytrip.pomrunner.HotelSearchingRunner1"/>
</testsuite> <!-- com.easemytrip.pomrunner.HotelSearchingRunner1 -->
