<?xml version="1.0" encoding="UTF-8"?>
<!-- Generated by org.testng.reporters.JUnitReportReporter -->
<testsuite skipped="0" hostname="DESKTOP-H1I3MSV" name="com.easemytrip.registerTestRunner.RegisterTest" tests="8" failures="0" timestamp="24 Sep 2020 08:31:57 GMT" time="266.647" errors="0">
  <testcase name="registerTestInvalid" time="37.630" classname="com.easemytrip.registerTestRunner.RegisterTest"/>
  <testcase name="registerTestInvalid" time="17.381" classname="com.easemytrip.registerTestRunner.RegisterTest"/>
  <testcase name="registerTestInvalid" time="17.342" classname="com.easemytrip.registerTestRunner.RegisterTest"/>
  <testcase name="registerTestInvalidPassword" time="45.109" classname="com.easemytrip.registerTestRunner.RegisterTest"/>
  <testcase name="registerTestInvalidPassword" time="43.329" classname="com.easemytrip.registerTestRunner.RegisterTest"/>
  <testcase name="registerTestInvalid" time="35.978" classname="com.easemytrip.registerTestRunner.RegisterTest"/>
  <testcase name="registerTestValid" time="21.456" classname="com.easemytrip.registerTestRunner.RegisterTest"/>
  <testcase name="registerTestValid" time="48.422" classname="com.easemytrip.registerTestRunner.RegisterTest"/>
</testsuite> <!-- com.easemytrip.registerTestRunner.RegisterTest -->
