<?xml version="1.0" encoding="UTF-8"?>
<!-- Generated by org.testng.reporters.JUnitReportReporter -->
<testsuite skipped="0" hostname="DESKTOP-H1I3MSV" name="com.easemytrip.pomrunner.HotelDescPageRunner" tests="2" failures="0" timestamp="24 Sep 2020 12:56:31 GMT" time="13.373" errors="0">
  <testcase name="clickAmenities" time="9.797" classname="com.easemytrip.pomrunner.HotelDescPageRunner"/>
  <testcase name="clickBookNow" time="3.576" classname="com.easemytrip.pomrunner.HotelDescPageRunner"/>
</testsuite> <!-- com.easemytrip.pomrunner.HotelDescPageRunner -->
