<?xml version="1.0" encoding="UTF-8"?>
<!-- Generated by org.testng.reporters.JUnitReportReporter -->
<testsuite skipped="0" hostname="DESKTOP-H1I3MSV" name="com.easemytrip.pomrunner.HotelSearchingRunner" tests="4" failures="0" timestamp="24 Sep 2020 12:56:31 GMT" time="124.338" errors="0">
  <testcase name="SearchHotelDefault" time="22.047" classname="com.easemytrip.pomrunner.HotelSearchingRunner"/>
  <testcase name="SearchHotelsIter" time="24.416" classname="com.easemytrip.pomrunner.HotelSearchingRunner"/>
  <testcase name="SearchHotelsIter" time="26.741" classname="com.easemytrip.pomrunner.HotelSearchingRunner"/>
  <testcase name="SearchHotelsIter" time="51.134" classname="com.easemytrip.pomrunner.HotelSearchingRunner"/>
</testsuite> <!-- com.easemytrip.pomrunner.HotelSearchingRunner -->
