<?xml version="1.0" encoding="UTF-8"?>
<!-- Generated by org.testng.reporters.JUnitReportReporter -->
<testsuite skipped="0" hostname="DESKTOP-H1I3MSV" name="com.easemytrip.pomrunner.HotelTravDetailsPageRunner1" tests="2" failures="0" timestamp="24 Sep 2020 12:56:31 GMT" time="2.822" errors="0">
  <testcase name="clickPayButton" time="2.693" classname="com.easemytrip.pomrunner.HotelTravDetailsPageRunner1"/>
  <testcase name="incompleteDetails" time="0.129" classname="com.easemytrip.pomrunner.HotelTravDetailsPageRunner1"/>
</testsuite> <!-- com.easemytrip.pomrunner.HotelTravDetailsPageRunner1 -->
