<?xml version="1.0" encoding="UTF-8"?>
<!-- Generated by org.testng.reporters.JUnitReportReporter -->
<testsuite skipped="0" hostname="DESKTOP-H1I3MSV" name="com.easemytrip.pomrunner.HotelIntegrationTest" tests="1" failures="0" timestamp="24 Sep 2020 13:41:49 GMT" time="0.004" errors="0">
  <testcase name="bookingHotelIntegration" time="0.004" classname="com.easemytrip.pomrunner.HotelIntegrationTest"/>
</testsuite> <!-- com.easemytrip.pomrunner.HotelIntegrationTest -->
