<?xml version="1.0" encoding="UTF-8"?>
<!-- Generated by org.testng.reporters.JUnitReportReporter -->
<testsuite skipped="2" hostname="DESKTOP-H1I3MSV" name="com.easemytrip.pomrunner.FlightSearchTest" tests="2" failures="0" timestamp="24 Sep 2020 13:41:49 GMT" time="0.000" errors="0">
  <testcase name="flightBookCompleteTest" time="0.000" classname="com.easemytrip.pomrunner.FlightSearchTest">
    <skipped/>
  </testcase> <!-- flightBookCompleteTest -->
  <testcase name="flightSearch" classname="com.easemytrip.pomrunner.FlightSearchTest">
    <skipped/>
  </testcase> <!-- flightSearch -->
</testsuite> <!-- com.easemytrip.pomrunner.FlightSearchTest -->
