<?xml version="1.0" encoding="UTF-8"?>
<!-- Generated by org.testng.reporters.JUnitReportReporter -->
<testsuite skipped="0" hostname="DESKTOP-H1I3MSV" name="com.easemytrip.pomrunner.RegisterTest" tests="8" failures="0" timestamp="24 Sep 2020 15:13:47 GMT" time="371.456" errors="0">
  <testcase name="registerTestInvalid" time="43.923" classname="com.easemytrip.pomrunner.RegisterTest"/>
  <testcase name="registerTestInvalid" time="32.173" classname="com.easemytrip.pomrunner.RegisterTest"/>
  <testcase name="registerTestInvalidPassword" time="107.728" classname="com.easemytrip.pomrunner.RegisterTest"/>
  <testcase name="registerTestValid" time="36.906" classname="com.easemytrip.pomrunner.RegisterTest"/>
  <testcase name="registerTestInvalidPassword" time="52.061" classname="com.easemytrip.pomrunner.RegisterTest"/>
  <testcase name="registerTestInvalid" time="24.100" classname="com.easemytrip.pomrunner.RegisterTest"/>
  <testcase name="registerTestInvalid" time="41.406" classname="com.easemytrip.pomrunner.RegisterTest"/>
  <testcase name="registerTestValid" time="33.159" classname="com.easemytrip.pomrunner.RegisterTest"/>
</testsuite> <!-- com.easemytrip.pomrunner.RegisterTest -->
